BTModLoader -- 7/15/2018 8:11:45 PM
8:11:45 PM - ArmorPoints.dll: Found and called entry point "Void Init()" in type "ClassLibrary1.ArmorPoints"
8:11:45 PM - BigAmmo.dll: Found and called entry point "Void Init()" in type "BigBadAmmo.BigBadAmmo"
8:11:45 PM - ExtendedInformation.dll: Found and called entry point "Void Init()" in type "ModNamespace.ModBase"
8:11:45 PM - InjuredPiloting.dll: Found and called entry point "Void Init()" in type "InjuredPiloting.InitClass"
8:11:45 PM - ModTek.dll: Found and called entry point "Void Init()" in type "ModTek.ModTek"
8:11:45 PM - RM_LessHeadInjuries.dll: Found and called entry point "Void Init()" in type "LessHeadInjuries.LessHeadInjuries"
8:11:46 PM - SkirmishMechbayEquipmentUnlock.dll: Found and called entry point "Void Init()" in type "SkirmishMechbayEquipmentUnlock.SkirmishMechbayEquipmentUnlock"

Took 0.4135512 seconds to load mods

8:11:46 PM - AddYearToTimeline.dll: Found and called entry point "Void Start(System.String, System.String)" in type "AddYearToTimeline.Control"
8:11:46 PM - AdjustedMechAssembly.dll: Found and called entry point "Void Init(System.String, System.String)" in type "AdjustedMechAssembly.AdjustedMechAssembly"
8:11:46 PM - AdjustedMechSalvage.dll: Found and called entry point "Void Init(System.String, System.String)" in type "AdjustedMechSalvage.AdjustedMechSalvage"
8:11:46 PM - BetterJuggernaut.dll: Found and called entry point "Void Init(System.String, System.String)" in type "BetterJuggernaut.SprintAndPunch"
8:11:46 PM - BTMLColorLOSMod.dll: Found and called entry point "Void Init(System.String, System.String)" in type "BTMLColorLOSMod.BTMLColorLOSMod"
8:11:46 PM - CamZoom.dll: Found and called entry point "Void Init(System.String, System.String)" in type "CamZoom.CamZoom"
8:11:46 PM - CBTHeat.dll: Found and called entry point "Void Init(System.String, System.String)" in type "CBTHeat.CBTHeat"
8:11:46 PM - CBTMovement.dll: Found and called entry point "Void Init(System.String, System.String)" in type "CBTMovement.CBTMovement"
8:11:46 PM - CBTPiloting.dll: Found and called entry point "Void Init(System.String, System.String)" in type "CBTPiloting.CBTPiloting"
8:11:46 PM - CharacterCreationTree.dll: Found and called entry point "Void Init(System.String, System.String)" in type "nl.flukeyfiddler.bt.CharacterCreationTree.CharacterCreationTree"
8:11:46 PM - CharlesB.dll: Found and called entry point "Void Init(System.String, System.String)" in type "CharlesB.CharlesB"
8:11:46 PM - CommanderPortraitLoader.dll: Found and called entry point "Void Init(System.String, System.String)" in type "CommanderPortraitLoader.CommanderPortraitLoader"
8:11:46 PM - ContractSort.dll: Found and called entry point "Void Init(System.String, System.String)" in type "ContractSort.ContractSort"
8:11:47 PM - dirtyHitChanceFix.dll: Found and called entry point "Void Init()" in type "dirtyHitChanceFix.dirtyHitChanceFix"
8:11:47 PM - DropCostPerMech.dll: Found and called entry point "Void Init(System.String, System.String)" in type "DropCostPerMech.DropCostPerMech"
8:11:47 PM - ExclusiveFilters.dll: Found and called entry point "Void Init()" in type "ExclusiveFilters.Patches"
8:11:47 PM - FastSaveDelete.dll: Found and called entry point "Void Init(System.String, System.String)" in type "FastSaveDelete.FastSaveDelete"
8:11:47 PM - FastWorkOrderMover.dll: Found and called entry point "Void Init(System.String, System.String)" in type "FastWorkOrderMover.AssemblyPatch"
8:11:47 PM - GlobalDifficultyByCompany.dll: Found and called entry point "Void Init(System.String, System.String)" in type "GlobalDifficultyByCompany.GlobalDifficultyByCompany"
8:11:47 PM - InjuriesHurt.dll: Found and called entry point "Void Init(System.String, System.String)" in type "com.Tyler799.Battletech.InjuriesHurtMod.InjuriesHurt"
8:11:47 PM - InternalHeaters.dll: Found and called entry point "Void Init(System.String, System.String)" in type "InternalHeaters.AssemblyPatch"
8:11:49 PM - LogoReplacement.dll: Found and called entry point "Void Init(System.String, System.String)" in type "LogoReplacement.Patches"
8:11:49 PM - MechMaintenanceByCost.dll: Found and called entry point "Void Init(System.String, System.String)" in type "MechMaintenanceByCost.MechMaintenanceByCost"
8:11:49 PM - MechResizer.dll: Found and called entry point "Void Init(System.String, System.String)" in type "MechResizer.MechResizer"
8:11:49 PM - MeleeMover.dll: Found and called entry point "Void Init(System.String, System.String)" in type "MeleeMover.MeleeMover"
8:11:49 PM - MercDeployments.dll: Found and called entry point "Void Init(System.String, System.String)" in type "MercDeployments.MercDeployments"
8:11:49 PM - MonthlyTechandMoraleAdjustment_base.dll: Found and called entry point "Void Init()" in type "MonthlyTechandMoraleAdjustment.Pre_Control"
8:11:49 PM - MonthlyMoraleReset.dll: Found and called entry point "Void Start()" in type "MonthlyMoraleReset.Control"
8:11:49 PM - OnePointArmorStep.dll: Found and called entry point "Void Init()" in type "OnePointArmorStep.OnePointArmorStep"
8:11:49 PM - PilotHealthPopup.dll: Found and called entry point "Void Init()" in type "PilotHealthPopup.Patches"
8:11:49 PM - RandomCampaignStart.dll: Found and called entry point "Void Init(System.String, System.String)" in type "RandomCampaignStart.RngStart"
8:11:49 PM - RandomTravelContracts.dll: Found and called entry point "Void Init(System.String, System.String)" in type "RandomTravelContracts.RandomTravelContracts"
8:11:49 PM - StoreTagEnabler.dll: Found and called entry point "Void Init(System.String, System.String)" in type "StoreTagEnabler.StoreTagEnabler"
8:11:51 PM - ShopSeller.dll: Found and called entry point "Void Init(System.String, System.String)" in type "ShopSeller.ShopSeller"
8:11:51 PM - ShotCountEnabler.dll: Found and called entry point "Void Init(System.String, System.String)" in type "ShotCountEnabler.ShotCountEnabler"
8:11:51 PM - SkipIntro.dll: Found and called entry point "Void Init()" in type "SkipIntro.Patches"
8:11:52 PM - WeaponVariance.dll: Found and called entry point "Void Init(System.String, System.String)" in type "WeaponVariance.WeaponVariance"
8:12:01 PM - InnerSphereMap.dll: Found and called entry point "Void Init(System.String, System.String)" in type "InnerSphereMap.InnerSphereMap"
8:12:04 PM - AttackImprovementMod.dll: Found and called entry point "Void Init(System.String, System.String)" in type "Sheepy.AttackImprovementMod.Mod"
8:12:04 PM - ArmorRepair.dll: Found and called entry point "Void Init(System.String, System.String)" in type "ArmorRepair.ArmorRepair"
8:12:04 PM - CustomComponents.dll: Found and called entry point "Void Init(System.String, System.String)" in type "CustomComponents.Control"
8:12:04 PM - dirtyFreezeFix.dll: Found and called entry point "Void Init(System.String, System.String)" in type "dirtyFreezeFix.dirtyFreezeFix"
8:12:04 PM - PaperdollFlip.dll: Found and called entry point "Void Init(System.String, System.String)" in type "ArmorRepairDevTest.ArmorRepairDevTest"
8:12:06 PM - RTVersion.dll: Found and called entry point "Void Init(System.String, System.String)" in type "RTVersion.RTVersion"
8:12:07 PM - RogueTechPanicSystem.dll: Found and called entry point "Void Init(System.String, System.String)" in type "RogueTechPanicSystem.RogueTechPanicSystem"
8:12:07 PM - SortByTonnage.dll: Found and called entry point "Void Init(System.String, System.String)" in type "SortByTonnage.SortByTonnage"
